{"/Users/momo/Downloads/Cts-FST/cts-fst/nodejs/nodejs-jasmine-istanbul-sample/spec/specs.js":{"path":"/Users/momo/Downloads/Cts-FST/cts-fst/nodejs/nodejs-jasmine-istanbul-sample/spec/specs.js","s":{"1":1,"2":1,"3":1,"4":1,"5":1,"6":1,"7":1,"8":1},"b":{},"f":{},"fnMap":{},"statementMap":{"1":{"start":{"line":1,"column":0},"end":{"line":1,"column":35}},"2":{"start":{"line":2,"column":0},"end":{"line":2,"column":60}},"3":{"start":{"line":3,"column":0},"end":{"line":3,"column":30}},"4":{"start":{"line":4,"column":0},"end":{"line":10,"column":3}},"5":{"start":{"line":11,"column":0},"end":{"line":11,"column":30}},"6":{"start":{"line":12,"column":0},"end":{"line":12,"column":25}},"7":{"start":{"line":13,"column":0},"end":{"line":13,"column":52}},"8":{"start":{"line":14,"column":0},"end":{"line":14,"column":18}}},"branchMap":{}},"/Users/momo/Downloads/Cts-FST/cts-fst/nodejs/nodejs-jasmine-istanbul-sample/spec/calculator-spec.js":{"path":"/Users/momo/Downloads/Cts-FST/cts-fst/nodejs/nodejs-jasmine-istanbul-sample/spec/calculator-spec.js","s":{"1":1,"2":1,"3":1,"4":1,"5":1,"6":1,"7":1,"8":1,"9":1,"10":1,"11":1,"12":1,"13":1,"14":1,"15":1,"16":1,"17":1,"18":1,"19":1,"20":1,"21":1,"22":1,"23":1,"24":1,"25":1,"26":1},"b":{},"f":{},"fnMap":{},"statementMap":{"1":{"start":{"line":1,"column":0},"end":{"line":1,"column":46}},"2":{"start":{"line":3,"column":0},"end":{"line":36,"column":3}},"3":{"start":{"line":5,"column":4},"end":{"line":11,"column":7}},"4":{"start":{"line":6,"column":8},"end":{"line":6,"column":21}},"5":{"start":{"line":7,"column":8},"end":{"line":7,"column":20}},"6":{"start":{"line":8,"column":8},"end":{"line":8,"column":30}},"7":{"start":{"line":9,"column":8},"end":{"line":9,"column":46}},"8":{"start":{"line":10,"column":8},"end":{"line":10,"column":43}},"9":{"start":{"line":13,"column":4},"end":{"line":19,"column":7}},"10":{"start":{"line":14,"column":8},"end":{"line":14,"column":21}},"11":{"start":{"line":15,"column":8},"end":{"line":15,"column":20}},"12":{"start":{"line":16,"column":8},"end":{"line":16,"column":30}},"13":{"start":{"line":17,"column":8},"end":{"line":17,"column":47}},"14":{"start":{"line":18,"column":8},"end":{"line":18,"column":43}},"15":{"start":{"line":21,"column":4},"end":{"line":27,"column":7}},"16":{"start":{"line":22,"column":8},"end":{"line":22,"column":21}},"17":{"start":{"line":23,"column":8},"end":{"line":23,"column":20}},"18":{"start":{"line":24,"column":8},"end":{"line":24,"column":30}},"19":{"start":{"line":25,"column":8},"end":{"line":25,"column":50}},"20":{"start":{"line":26,"column":8},"end":{"line":26,"column":43}},"21":{"start":{"line":29,"column":4},"end":{"line":35,"column":7}},"22":{"start":{"line":30,"column":8},"end":{"line":30,"column":21}},"23":{"start":{"line":31,"column":8},"end":{"line":31,"column":20}},"24":{"start":{"line":32,"column":8},"end":{"line":32,"column":30}},"25":{"start":{"line":33,"column":8},"end":{"line":33,"column":46}},"26":{"start":{"line":34,"column":8},"end":{"line":34,"column":43}}},"branchMap":{}},"/Users/momo/Downloads/Cts-FST/cts-fst/nodejs/nodejs-jasmine-istanbul-sample/calculator.js":{"path":"/Users/momo/Downloads/Cts-FST/cts-fst/nodejs/nodejs-jasmine-istanbul-sample/calculator.js","s":{"1":1,"2":1,"3":1,"4":1,"5":1,"6":1,"7":1,"8":1,"9":1},"b":{},"f":{},"fnMap":{},"statementMap":{"1":{"start":{"line":1,"column":0},"end":{"line":3,"column":1}},"2":{"start":{"line":2,"column":4},"end":{"line":2,"column":15}},"3":{"start":{"line":4,"column":0},"end":{"line":6,"column":1}},"4":{"start":{"line":5,"column":4},"end":{"line":5,"column":15}},"5":{"start":{"line":7,"column":0},"end":{"line":9,"column":1}},"6":{"start":{"line":8,"column":4},"end":{"line":8,"column":15}},"7":{"start":{"line":10,"column":0},"end":{"line":12,"column":1}},"8":{"start":{"line":11,"column":4},"end":{"line":11,"column":15}},"9":{"start":{"line":13,"column":0},"end":{"line":18,"column":1}}},"branchMap":{}},"/Users/momo/Downloads/Cts-FST/cts-fst/nodejs/nodejs-jasmine-istanbul-sample/index.js":{"path":"/Users/momo/Downloads/Cts-FST/cts-fst/nodejs/nodejs-jasmine-istanbul-sample/index.js","s":{"1":0,"2":0,"3":0,"4":0,"5":0,"6":0,"7":0,"8":0,"9":0,"10":0,"11":0,"12":0,"13":0,"14":0,"15":0,"16":0,"17":0,"18":0,"19":0,"20":0,"21":0},"b":{},"f":{},"fnMap":{},"statementMap":{"1":{"start":{"line":1,"column":0},"end":{"line":1,"column":35}},"2":{"start":{"line":2,"column":0},"end":{"line":2,"column":38}},"3":{"start":{"line":3,"column":0},"end":{"line":3,"column":43}},"4":{"start":{"line":4,"column":0},"end":{"line":4,"column":25}},"5":{"start":{"line":5,"column":0},"end":{"line":5,"column":26}},"6":{"start":{"line":6,"column":0},"end":{"line":6,"column":48}},"7":{"start":{"line":8,"column":0},"end":{"line":13,"column":3}},"8":{"start":{"line":9,"column":4},"end":{"line":9,"column":53}},"9":{"start":{"line":10,"column":4},"end":{"line":12,"column":7}},"10":{"start":{"line":15,"column":0},"end":{"line":20,"column":3}},"11":{"start":{"line":16,"column":4},"end":{"line":16,"column":53}},"12":{"start":{"line":17,"column":4},"end":{"line":19,"column":7}},"13":{"start":{"line":22,"column":0},"end":{"line":27,"column":3}},"14":{"start":{"line":23,"column":4},"end":{"line":23,"column":53}},"15":{"start":{"line":24,"column":4},"end":{"line":26,"column":7}},"16":{"start":{"line":29,"column":0},"end":{"line":34,"column":3}},"17":{"start":{"line":30,"column":4},"end":{"line":30,"column":53}},"18":{"start":{"line":31,"column":4},"end":{"line":33,"column":7}},"19":{"start":{"line":36,"column":0},"end":{"line":36,"column":18}},"20":{"start":{"line":37,"column":0},"end":{"line":39,"column":3}},"21":{"start":{"line":38,"column":4},"end":{"line":38,"column":45}}},"branchMap":{}}}