{"/Users/momo/Downloads/Cts-FST/cts-fst/nodejs/jasmine-node-sample/spec/specs.js":{"path":"/Users/momo/Downloads/Cts-FST/cts-fst/nodejs/jasmine-node-sample/spec/specs.js","s":{"1":1,"2":1,"3":1,"4":1,"5":1,"6":1,"7":1,"8":1},"b":{},"f":{},"fnMap":{},"statementMap":{"1":{"start":{"line":1,"column":0},"end":{"line":1,"column":35}},"2":{"start":{"line":2,"column":0},"end":{"line":2,"column":30}},"3":{"start":{"line":3,"column":0},"end":{"line":3,"column":60}},"4":{"start":{"line":4,"column":0},"end":{"line":12,"column":3}},"5":{"start":{"line":13,"column":0},"end":{"line":13,"column":52}},"6":{"start":{"line":14,"column":0},"end":{"line":14,"column":25}},"7":{"start":{"line":15,"column":0},"end":{"line":15,"column":30}},"8":{"start":{"line":16,"column":0},"end":{"line":16,"column":18}}},"branchMap":{}},"/Users/momo/Downloads/Cts-FST/cts-fst/nodejs/jasmine-node-sample/spec/calculator-spec.js":{"path":"/Users/momo/Downloads/Cts-FST/cts-fst/nodejs/jasmine-node-sample/spec/calculator-spec.js","s":{"1":1,"2":1,"3":1,"4":1,"5":1,"6":1,"7":1,"8":1,"9":1,"10":1,"11":1,"12":1,"13":1,"14":1,"15":1,"16":1,"17":1,"18":1,"19":1,"20":1,"21":1,"22":1,"23":1,"24":1,"25":1,"26":1,"27":1},"b":{},"f":{},"fnMap":{},"statementMap":{"1":{"start":{"line":1,"column":0},"end":{"line":1,"column":46}},"2":{"start":{"line":3,"column":0},"end":{"line":38,"column":3}},"3":{"start":{"line":4,"column":4},"end":{"line":4,"column":12}},"4":{"start":{"line":5,"column":4},"end":{"line":9,"column":7}},"5":{"start":{"line":7,"column":8},"end":{"line":7,"column":15}},"6":{"start":{"line":8,"column":8},"end":{"line":8,"column":14}},"7":{"start":{"line":10,"column":4},"end":{"line":12,"column":7}},"8":{"start":{"line":13,"column":4},"end":{"line":17,"column":7}},"9":{"start":{"line":14,"column":8},"end":{"line":14,"column":30}},"10":{"start":{"line":15,"column":8},"end":{"line":15,"column":44}},"11":{"start":{"line":16,"column":8},"end":{"line":16,"column":41}},"12":{"start":{"line":18,"column":4},"end":{"line":22,"column":7}},"13":{"start":{"line":19,"column":8},"end":{"line":19,"column":30}},"14":{"start":{"line":20,"column":8},"end":{"line":20,"column":49}},"15":{"start":{"line":21,"column":8},"end":{"line":21,"column":41}},"16":{"start":{"line":23,"column":4},"end":{"line":27,"column":7}},"17":{"start":{"line":24,"column":8},"end":{"line":24,"column":30}},"18":{"start":{"line":25,"column":8},"end":{"line":25,"column":49}},"19":{"start":{"line":26,"column":8},"end":{"line":26,"column":41}},"20":{"start":{"line":28,"column":4},"end":{"line":32,"column":7}},"21":{"start":{"line":29,"column":8},"end":{"line":29,"column":30}},"22":{"start":{"line":30,"column":8},"end":{"line":30,"column":49}},"23":{"start":{"line":31,"column":8},"end":{"line":31,"column":41}},"24":{"start":{"line":33,"column":4},"end":{"line":37,"column":7}},"25":{"start":{"line":34,"column":8},"end":{"line":34,"column":30}},"26":{"start":{"line":35,"column":8},"end":{"line":35,"column":45}},"27":{"start":{"line":36,"column":8},"end":{"line":36,"column":41}}},"branchMap":{}},"/Users/momo/Downloads/Cts-FST/cts-fst/nodejs/jasmine-node-sample/calculator.js":{"path":"/Users/momo/Downloads/Cts-FST/cts-fst/nodejs/jasmine-node-sample/calculator.js","s":{"1":1,"2":1,"3":1,"4":1,"5":1,"6":1,"7":1,"8":1,"9":1,"10":1,"11":1},"b":{},"f":{},"fnMap":{},"statementMap":{"1":{"start":{"line":1,"column":0},"end":{"line":3,"column":1}},"2":{"start":{"line":2,"column":4},"end":{"line":2,"column":17}},"3":{"start":{"line":4,"column":0},"end":{"line":6,"column":1}},"4":{"start":{"line":5,"column":4},"end":{"line":5,"column":17}},"5":{"start":{"line":7,"column":0},"end":{"line":9,"column":1}},"6":{"start":{"line":8,"column":4},"end":{"line":8,"column":17}},"7":{"start":{"line":10,"column":0},"end":{"line":12,"column":1}},"8":{"start":{"line":11,"column":4},"end":{"line":11,"column":16}},"9":{"start":{"line":13,"column":0},"end":{"line":15,"column":1}},"10":{"start":{"line":14,"column":4},"end":{"line":14,"column":17}},"11":{"start":{"line":17,"column":0},"end":{"line":23,"column":1}}},"branchMap":{}},"/Users/momo/Downloads/Cts-FST/cts-fst/nodejs/jasmine-node-sample/index.js":{"path":"/Users/momo/Downloads/Cts-FST/cts-fst/nodejs/jasmine-node-sample/index.js","s":{"1":0,"2":0,"3":0,"4":0,"5":0,"6":0,"7":0,"8":0,"9":0,"10":0,"11":0,"12":0,"13":0},"b":{},"f":{},"fnMap":{},"statementMap":{"1":{"start":{"line":1,"column":0},"end":{"line":1,"column":43}},"2":{"start":{"line":2,"column":0},"end":{"line":2,"column":13}},"3":{"start":{"line":3,"column":0},"end":{"line":3,"column":12}},"4":{"start":{"line":4,"column":0},"end":{"line":4,"column":32}},"5":{"start":{"line":5,"column":0},"end":{"line":5,"column":36}},"6":{"start":{"line":7,"column":0},"end":{"line":7,"column":38}},"7":{"start":{"line":8,"column":0},"end":{"line":8,"column":44}},"8":{"start":{"line":10,"column":0},"end":{"line":10,"column":41}},"9":{"start":{"line":11,"column":0},"end":{"line":11,"column":44}},"10":{"start":{"line":13,"column":0},"end":{"line":13,"column":37}},"11":{"start":{"line":14,"column":0},"end":{"line":14,"column":41}},"12":{"start":{"line":16,"column":0},"end":{"line":16,"column":36}},"13":{"start":{"line":17,"column":0},"end":{"line":17,"column":38}}},"branchMap":{}}}