TN:
SF:/Users/momo/Downloads/Cts-FST/cts-fst/nodejs/jasmine-node-sample/spec/specs.js
FNF:0
FNH:0
DA:1,1
DA:2,1
DA:3,1
DA:4,1
DA:13,1
DA:14,1
DA:15,1
DA:16,1
LF:8
LH:8
BRF:0
BRH:0
end_of_record
TN:
SF:/Users/momo/Downloads/Cts-FST/cts-fst/nodejs/jasmine-node-sample/spec/calculator-spec.js
FNF:0
FNH:0
DA:1,1
DA:3,1
DA:4,1
DA:5,1
DA:7,1
DA:8,1
DA:10,1
DA:13,1
DA:14,1
DA:15,1
DA:16,1
DA:18,1
DA:19,1
DA:20,1
DA:21,1
DA:23,1
DA:24,1
DA:25,1
DA:26,1
DA:28,1
DA:29,1
DA:30,1
DA:31,1
DA:33,1
DA:34,1
DA:35,1
DA:36,1
LF:27
LH:27
BRF:0
BRH:0
end_of_record
TN:
SF:/Users/momo/Downloads/Cts-FST/cts-fst/nodejs/jasmine-node-sample/calculator.js
FNF:0
FNH:0
DA:1,1
DA:2,1
DA:4,1
DA:5,1
DA:7,1
DA:8,1
DA:10,1
DA:11,1
DA:13,1
DA:14,1
DA:17,1
LF:11
LH:11
BRF:0
BRH:0
end_of_record
TN:
SF:/Users/momo/Downloads/Cts-FST/cts-fst/nodejs/jasmine-node-sample/index.js
FNF:0
FNH:0
DA:1,0
DA:2,0
DA:3,0
DA:4,0
DA:5,0
DA:7,0
DA:8,0
DA:10,0
DA:11,0
DA:13,0
DA:14,0
DA:16,0
DA:17,0
LF:13
LH:0
BRF:0
BRH:0
end_of_record
